This file contains any messages produced by compilers while
running configure, to aid debugging if configure makes a mistake.

It was created by configure, which was
generated by GNU Autoconf 2.59.  Invocation command line was

  $ ./configure 

## --------- ##
## Platform. ##
## --------- ##

hostname = marvin.local
uname -m = Power Macintosh
uname -r = 8.6.0
uname -s = Darwin
uname -v = Darwin Kernel Version 8.6.0: Tue Mar  7 16:58:48 PST 2006; root:xnu-792.6.70.obj~1/RELEASE_PPC

/usr/bin/uname -p = powerpc
/bin/uname -X     = unknown

/bin/arch              = unknown
/usr/bin/arch -k       = unknown
/usr/convex/getsysinfo = unknown
hostinfo               = Mach kernel version:
	 Darwin Kernel Version 8.6.0: Tue Mar  7 16:58:48 PST 2006; root:xnu-792.6.70.obj~1/RELEASE_PPC
Kernel configured for a single processor only.
1 processor is physically available.
Processor type: ppc7450 (PowerPC 7450)
Processor active: 0
Primary memory available: 2.00 gigabytes
Default processor set: 96 tasks, 376 threads, 1 processors
Load average: 5.77, Mach factor: 0.16
/bin/machine           = unknown
/usr/bin/oslevel       = unknown
/bin/universe          = unknown

PATH: /Users/paul/unix/mpw
PATH: /Users/paul/unix/bin
PATH: /Users/paul/unix/sbin
PATH: /opt/local/bin
PATH: /opt/local/sbin
PATH: /bin
PATH: /sbin
PATH: /usr/bin
PATH: /usr/sbin
PATH: /usr/X11R6/bin
PATH: /usr/local/bin
PATH: /Developer/Tools
PATH: /Users/paul/scripts


## ----------- ##
## Core tests. ##
## ----------- ##

configure:1440: checking for gcc
configure:1456: found /usr/bin/gcc
configure:1466: result: gcc
configure:1710: checking for C compiler version
configure:1713: gcc --version </dev/null >&5
powerpc-apple-darwin8-gcc-4.0.1 (GCC) 4.0.1 (Apple Computer, Inc. build 5341)
Copyright (C) 2005 Free Software Foundation, Inc.
This is free software; see the source for copying conditions.  There is NO
warranty; not even for MERCHANTABILITY or FITNESS FOR A PARTICULAR PURPOSE.

configure:1716: $? = 0
configure:1718: gcc -v </dev/null >&5
Using built-in specs.
Target: powerpc-apple-darwin8
Configured with: /private/var/tmp/gcc/gcc-5341.obj~1/src/configure --disable-checking -enable-werror --prefix=/usr --mandir=/share/man --enable-languages=c,objc,c++,obj-c++ --program-transform-name=/^[cg][^.-]*$/s/$/-4.0/ --with-gxx-include-dir=/include/c++/4.0.0 --with-slibdir=/usr/lib --build=powerpc-apple-darwin8 --host=powerpc-apple-darwin8 --target=powerpc-apple-darwin8
Thread model: posix
gcc version 4.0.1 (Apple Computer, Inc. build 5341)
configure:1721: $? = 0
configure:1723: gcc -V </dev/null >&5
gcc: argument to `-V' is missing
configure:1726: $? = 1
configure:1749: checking for C compiler default output file name
configure:1752: gcc    conftest.c  >&5
configure:1755: $? = 0
configure:1801: result: a.out
configure:1806: checking whether the C compiler works
configure:1812: ./a.out
configure:1815: $? = 0
configure:1832: result: yes
configure:1839: checking whether we are cross compiling
configure:1841: result: no
configure:1844: checking for suffix of executables
configure:1846: gcc -o conftest    conftest.c  >&5
configure:1849: $? = 0
configure:1874: result: 
configure:1880: checking for suffix of object files
configure:1901: gcc -c   conftest.c >&5
configure:1904: $? = 0
configure:1926: result: o
configure:1930: checking whether we are using the GNU C compiler
configure:1954: gcc -c   conftest.c >&5
configure:1960: $? = 0
configure:1963: test -z 			 || test ! -s conftest.err
configure:1966: $? = 0
configure:1969: test -s conftest.o
configure:1972: $? = 0
configure:1985: result: yes
configure:1991: checking whether gcc accepts -g
configure:2012: gcc -c -g  conftest.c >&5
configure:2018: $? = 0
configure:2021: test -z 			 || test ! -s conftest.err
configure:2024: $? = 0
configure:2027: test -s conftest.o
configure:2030: $? = 0
configure:2041: result: yes
configure:2058: checking for gcc option to accept ANSI C
configure:2128: gcc  -c -g -O2  conftest.c >&5
configure:2134: $? = 0
configure:2137: test -z 			 || test ! -s conftest.err
configure:2140: $? = 0
configure:2143: test -s conftest.o
configure:2146: $? = 0
configure:2164: result: none needed
configure:2182: gcc -c -g -O2  conftest.c >&5
conftest.c:2: error: parse error before 'me'
configure:2188: $? = 1
configure: failed program was:
| #ifndef __cplusplus
|   choke me
| #endif
configure:2359: checking for ranlib
configure:2375: found /usr/bin/ranlib
configure:2386: result: ranlib
configure:2436: checking for a BSD-compatible install
configure:2491: result: /opt/local/bin/ginstall -c
configure:2504: checking for ar
configure:2522: found /usr/bin/ar
configure:2535: result: /usr/bin/ar
configure:2549: checking whether byte ordering is bigendian
configure:2576: gcc -c -g -O2  conftest.c >&5
configure:2582: $? = 0
configure:2585: test -z 			 || test ! -s conftest.err
configure:2588: $? = 0
configure:2591: test -s conftest.o
configure:2594: $? = 0
configure:2618: gcc -c -g -O2  conftest.c >&5
configure:2624: $? = 0
configure:2627: test -z 			 || test ! -s conftest.err
configure:2630: $? = 0
configure:2633: test -s conftest.o
configure:2636: $? = 0
configure:2757: result: yes
configure:2778: checking for snd_pcm_open in -lasound
configure:2808: gcc -o conftest -g -O2   conftest.c -lasound   >&5
/usr/bin/ld: can't locate file for: -lasound
collect2: ld returned 1 exit status
configure:2814: $? = 1
configure: failed program was:
| /* confdefs.h.  */
| 
| #define PACKAGE_NAME ""
| #define PACKAGE_TARNAME ""
| #define PACKAGE_VERSION ""
| #define PACKAGE_STRING ""
| #define PACKAGE_BUGREPORT ""
| #define WORDS_BIGENDIAN 1
| /* end confdefs.h.  */
| 
| /* Override any gcc2 internal prototype to avoid an error.  */
| #ifdef __cplusplus
| extern "C"
| #endif
| /* We use char because int might match the return type of a gcc2
|    builtin and then its argument prototype would still apply.  */
| char snd_pcm_open ();
| int
| main ()
| {
| snd_pcm_open ();
|   ;
|   return 0;
| }
configure:2839: result: no
configure:2854: checking build system type
configure:2872: result: powerpc-apple-darwin8.6.0
configure:2880: checking host system type
configure:2894: result: powerpc-apple-darwin8.6.0
configure:2909: checking for pkg-config
configure:2927: found /opt/local/bin/pkg-config
configure:2940: result: /opt/local/bin/pkg-config
configure:2957: checking for jack
configure:3006: checking how to run the C preprocessor
configure:3041: gcc -E  conftest.c
configure:3047: $? = 0
configure:3079: gcc -E  conftest.c
conftest.c:10:28: error: ac_nonexistent.h: No such file or directory
configure:3085: $? = 1
configure: failed program was:
| /* confdefs.h.  */
| 
| #define PACKAGE_NAME ""
| #define PACKAGE_TARNAME ""
| #define PACKAGE_VERSION ""
| #define PACKAGE_STRING ""
| #define PACKAGE_BUGREPORT ""
| #define WORDS_BIGENDIAN 1
| /* end confdefs.h.  */
| #include <ac_nonexistent.h>
configure:3124: result: gcc -E
configure:3148: gcc -E  conftest.c
configure:3154: $? = 0
configure:3186: gcc -E  conftest.c
conftest.c:10:28: error: ac_nonexistent.h: No such file or directory
configure:3192: $? = 1
configure: failed program was:
| /* confdefs.h.  */
| 
| #define PACKAGE_NAME ""
| #define PACKAGE_TARNAME ""
| #define PACKAGE_VERSION ""
| #define PACKAGE_STRING ""
| #define PACKAGE_BUGREPORT ""
| #define WORDS_BIGENDIAN 1
| /* end confdefs.h.  */
| #include <ac_nonexistent.h>
configure:3236: checking for egrep
configure:3246: result: grep -E
configure:3251: checking for ANSI C header files
configure:3276: gcc -c -g -O2  conftest.c >&5
configure:3282: $? = 0
configure:3285: test -z 			 || test ! -s conftest.err
configure:3288: $? = 0
configure:3291: test -s conftest.o
configure:3294: $? = 0
configure:3380: gcc -o conftest -g -O2   conftest.c  >&5
conftest.c: In function 'main':
conftest.c:27: warning: incompatible implicit declaration of built-in function 'exit'
configure:3383: $? = 0
configure:3385: ./conftest
configure:3388: $? = 0
configure:3403: result: yes
configure:3427: checking for sys/types.h
configure:3443: gcc -c -g -O2  conftest.c >&5
configure:3449: $? = 0
configure:3452: test -z 			 || test ! -s conftest.err
configure:3455: $? = 0
configure:3458: test -s conftest.o
configure:3461: $? = 0
configure:3472: result: yes
configure:3427: checking for sys/stat.h
configure:3443: gcc -c -g -O2  conftest.c >&5
configure:3449: $? = 0
configure:3452: test -z 			 || test ! -s conftest.err
configure:3455: $? = 0
configure:3458: test -s conftest.o
configure:3461: $? = 0
configure:3472: result: yes
configure:3427: checking for stdlib.h
configure:3443: gcc -c -g -O2  conftest.c >&5
configure:3449: $? = 0
configure:3452: test -z 			 || test ! -s conftest.err
configure:3455: $? = 0
configure:3458: test -s conftest.o
configure:3461: $? = 0
configure:3472: result: yes
configure:3427: checking for string.h
configure:3443: gcc -c -g -O2  conftest.c >&5
configure:3449: $? = 0
configure:3452: test -z 			 || test ! -s conftest.err
configure:3455: $? = 0
configure:3458: test -s conftest.o
configure:3461: $? = 0
configure:3472: result: yes
configure:3427: checking for memory.h
configure:3443: gcc -c -g -O2  conftest.c >&5
configure:3449: $? = 0
configure:3452: test -z 			 || test ! -s conftest.err
configure:3455: $? = 0
configure:3458: test -s conftest.o
configure:3461: $? = 0
configure:3472: result: yes
configure:3427: checking for strings.h
configure:3443: gcc -c -g -O2  conftest.c >&5
configure:3449: $? = 0
configure:3452: test -z 			 || test ! -s conftest.err
configure:3455: $? = 0
configure:3458: test -s conftest.o
configure:3461: $? = 0
configure:3472: result: yes
configure:3427: checking for inttypes.h
configure:3443: gcc -c -g -O2  conftest.c >&5
configure:3449: $? = 0
configure:3452: test -z 			 || test ! -s conftest.err
configure:3455: $? = 0
configure:3458: test -s conftest.o
configure:3461: $? = 0
configure:3472: result: yes
configure:3427: checking for stdint.h
configure:3443: gcc -c -g -O2  conftest.c >&5
configure:3449: $? = 0
configure:3452: test -z 			 || test ! -s conftest.err
configure:3455: $? = 0
configure:3458: test -s conftest.o
configure:3461: $? = 0
configure:3472: result: yes
configure:3427: checking for unistd.h
configure:3443: gcc -c -g -O2  conftest.c >&5
configure:3449: $? = 0
configure:3452: test -z 			 || test ! -s conftest.err
configure:3455: $? = 0
configure:3458: test -s conftest.o
configure:3461: $? = 0
configure:3472: result: yes
configure:3484: checking for short
configure:3508: gcc -c -g -O2  conftest.c >&5
configure:3514: $? = 0
configure:3517: test -z 			 || test ! -s conftest.err
configure:3520: $? = 0
configure:3523: test -s conftest.o
configure:3526: $? = 0
configure:3537: result: yes
configure:3540: checking size of short
configure:3852: gcc -o conftest -g -O2   conftest.c  >&5
configure:3855: $? = 0
configure:3857: ./conftest
configure:3860: $? = 0
configure:3883: result: 2
configure:3890: checking for int
configure:3914: gcc -c -g -O2  conftest.c >&5
configure:3920: $? = 0
configure:3923: test -z 			 || test ! -s conftest.err
configure:3926: $? = 0
configure:3929: test -s conftest.o
configure:3932: $? = 0
configure:3943: result: yes
configure:3946: checking size of int
configure:4258: gcc -o conftest -g -O2   conftest.c  >&5
configure:4261: $? = 0
configure:4263: ./conftest
configure:4266: $? = 0
configure:4289: result: 4
configure:4296: checking for long
configure:4320: gcc -c -g -O2  conftest.c >&5
configure:4326: $? = 0
configure:4329: test -z 			 || test ! -s conftest.err
configure:4332: $? = 0
configure:4335: test -s conftest.o
configure:4338: $? = 0
configure:4349: result: yes
configure:4352: checking size of long
configure:4664: gcc -o conftest -g -O2   conftest.c  >&5
configure:4667: $? = 0
configure:4669: ./conftest
configure:4672: $? = 0
configure:4695: result: 4
configure:5314: creating ./config.status

## ---------------------- ##
## Running config.status. ##
## ---------------------- ##

This file was extended by config.status, which was
generated by GNU Autoconf 2.59.  Invocation command line was

  CONFIG_FILES    = 
  CONFIG_HEADERS  = 
  CONFIG_LINKS    = 
  CONFIG_COMMANDS = 
  $ ./config.status 

on marvin.local

config.status:706: creating Makefile
config.status:706: creating portaudio-2.0.pc

## ---------------- ##
## Cache variables. ##
## ---------------- ##

ac_cv_build=powerpc-apple-darwin8.6.0
ac_cv_build_alias=powerpc-apple-darwin8.6.0
ac_cv_c_bigendian=yes
ac_cv_c_compiler_gnu=yes
ac_cv_env_CC_set=
ac_cv_env_CC_value=
ac_cv_env_CFLAGS_set=
ac_cv_env_CFLAGS_value=
ac_cv_env_CPPFLAGS_set=
ac_cv_env_CPPFLAGS_value=
ac_cv_env_CPP_set=
ac_cv_env_CPP_value=
ac_cv_env_LDFLAGS_set=
ac_cv_env_LDFLAGS_value=
ac_cv_env_build_alias_set=
ac_cv_env_build_alias_value=
ac_cv_env_host_alias_set=
ac_cv_env_host_alias_value=
ac_cv_env_target_alias_set=
ac_cv_env_target_alias_value=
ac_cv_exeext=
ac_cv_header_inttypes_h=yes
ac_cv_header_memory_h=yes
ac_cv_header_stdc=yes
ac_cv_header_stdint_h=yes
ac_cv_header_stdlib_h=yes
ac_cv_header_string_h=yes
ac_cv_header_strings_h=yes
ac_cv_header_sys_stat_h=yes
ac_cv_header_sys_types_h=yes
ac_cv_header_unistd_h=yes
ac_cv_host=powerpc-apple-darwin8.6.0
ac_cv_host_alias=powerpc-apple-darwin8.6.0
ac_cv_lib_asound_snd_pcm_open=no
ac_cv_objext=o
ac_cv_path_AR=/usr/bin/ar
ac_cv_path_PKG_CONFIG=/opt/local/bin/pkg-config
ac_cv_path_install='/opt/local/bin/ginstall -c'
ac_cv_prog_CPP='gcc -E'
ac_cv_prog_ac_ct_CC=gcc
ac_cv_prog_ac_ct_RANLIB=ranlib
ac_cv_prog_cc_g=yes
ac_cv_prog_cc_stdc=
ac_cv_prog_egrep='grep -E'
ac_cv_sizeof_int=4
ac_cv_sizeof_long=4
ac_cv_sizeof_short=2
ac_cv_type_int=yes
ac_cv_type_long=yes
ac_cv_type_short=yes

## ----------------- ##
## Output variables. ##
## ----------------- ##

AR='/usr/bin/ar'
CC='gcc'
CFLAGS='-g -O2 -Wall -pedantic -pipe -fPIC -DPA_BIG_ENDIAN '
CPP='gcc -E'
CPPFLAGS=''
CXXFLAGS=''
DEFS='-DPACKAGE_NAME=\"\" -DPACKAGE_TARNAME=\"\" -DPACKAGE_VERSION=\"\" -DPACKAGE_STRING=\"\" -DPACKAGE_BUGREPORT=\"\" -DWORDS_BIGENDIAN=1 -DSTDC_HEADERS=1 -DHAVE_SYS_TYPES_H=1 -DHAVE_SYS_STAT_H=1 -DHAVE_STDLIB_H=1 -DHAVE_STRING_H=1 -DHAVE_MEMORY_H=1 -DHAVE_STRINGS_H=1 -DHAVE_INTTYPES_H=1 -DHAVE_STDINT_H=1 -DHAVE_UNISTD_H=1 -DSIZEOF_SHORT=2 -DSIZEOF_INT=4 -DSIZEOF_LONG=4 -DPA_USE_COREAUDIO=1 '
DLL_LIBS=''
ECHO_C=''
ECHO_N='-n'
ECHO_T=''
EGREP='grep -E'
EXEEXT=''
INSTALL_DATA='${INSTALL} -m 644'
INSTALL_PROGRAM='${INSTALL}'
INSTALL_SCRIPT='${INSTALL}'
JACK_CFLAGS=''
JACK_LIBS=''
LDFLAGS=''
LIBOBJS=''
LIBS='-framework CoreAudio -framework AudioToolbox -framework AudioUnit -framework Carbon'
LTLIBOBJS=''
NASM=''
NASMOPT=''
OBJEXT='o'
OTHER_OBJS='pa_mac/pa_mac_hostapis.o pa_unix/pa_unix_util.o pa_mac_core/pa_mac_core.o'
PACKAGE_BUGREPORT=''
PACKAGE_NAME=''
PACKAGE_STRING=''
PACKAGE_TARNAME=''
PACKAGE_VERSION=''
PADLL='libportaudio.dylib'
PADLLEXT=''
PADLLV='0.0.19'
PADLLV_MIN='19'
PATH_SEPARATOR=':'
PKG_CONFIG='/opt/local/bin/pkg-config'
RANLIB='ranlib'
SHARED_FLAGS='-framework CoreAudio -framework AudioToolbox -framework AudioUnit -framework Carbon -dynamiclib'
SHELL='/bin/sh'
THREAD_CFLAGS=''
ac_ct_CC='gcc'
ac_ct_RANLIB='ranlib'
bindir='${exec_prefix}/bin'
build='powerpc-apple-darwin8.6.0'
build_alias=''
build_cpu='powerpc'
build_os='darwin8.6.0'
build_vendor='apple'
datadir='${prefix}/share'
exec_prefix='${prefix}'
host='powerpc-apple-darwin8.6.0'
host_alias=''
host_cpu='powerpc'
host_os='darwin8.6.0'
host_vendor='apple'
includedir='${prefix}/include'
infodir='${prefix}/info'
libdir='${exec_prefix}/lib'
libexecdir='${exec_prefix}/libexec'
localstatedir='${prefix}/var'
mandir='${prefix}/man'
oldincludedir='/usr/include'
prefix='/usr/local'
program_transform_name='s,x,x,'
sbindir='${exec_prefix}/sbin'
sharedstatedir='${prefix}/com'
sysconfdir='${prefix}/etc'
target_alias=''

## ----------- ##
## confdefs.h. ##
## ----------- ##

#define HAVE_INTTYPES_H 1
#define HAVE_MEMORY_H 1
#define HAVE_STDINT_H 1
#define HAVE_STDLIB_H 1
#define HAVE_STRINGS_H 1
#define HAVE_STRING_H 1
#define HAVE_SYS_STAT_H 1
#define HAVE_SYS_TYPES_H 1
#define HAVE_UNISTD_H 1
#define PACKAGE_BUGREPORT ""
#define PACKAGE_NAME ""
#define PACKAGE_STRING ""
#define PACKAGE_TARNAME ""
#define PACKAGE_VERSION ""
#define PA_USE_COREAUDIO 1
#define SIZEOF_INT 4
#define SIZEOF_LONG 4
#define SIZEOF_SHORT 2
#define STDC_HEADERS 1
#define WORDS_BIGENDIAN 1

configure: exit 0
